# JRE version: Java(TM) SE Runtime Environment (8.0_162-b12) (build 1.8.0_162-b12)
# Java VM: Java HotSpot(TM) 64-Bit Server VM (25.162-b12 mixed mode linux-amd64 compressed oops)
Heap:
 PSYoungGen      total 222208K, used 2900K [0x00000000eb900000, 0x00000000f9d80000, 0x0000000100000000)
  eden space 210432K, 0% used [0x00000000eb900000,0x00000000eb900000,0x00000000f8680000)
  from space 11776K, 24% used [0x00000000f8680000,0x00000000f89550c0,0x00000000f9200000)
  to   space 9216K, 0% used [0x00000000f9480000,0x00000000f9480000,0x00000000f9d80000)
 ParOldGen       total 44032K, used 20255K [0x00000000c2a00000, 0x00000000c5500000, 0x00000000eb900000)
  object space 44032K, 46% used [0x00000000c2a00000,0x00000000c3dc7f88,0x00000000c5500000)
 Metaspace       used 47337K, capacity 48070K, committed 48216K, reserved 1091584K
  class space    used 6866K, capacity 7030K, committed 7040K, reserved 1048576K
GC Heap History (10 events):
Event: 10.976 GC heap after
Heap after GC invocations=10 (full 1):
 PSYoungGen      total 130048K, used 8179K [0x00000000eb900000, 0x00000000f6480000, 0x0000000100000000)
  eden space 121856K, 0% used [0x00000000eb900000,0x00000000eb900000,0x00000000f3000000)
  from space 8192K, 99% used [0x00000000f3000000,0x00000000f37fcc98,0x00000000f3800000)
  to   space 10240K, 0% used [0x00000000f5a80000,0x00000000f5a80000,0x00000000f6480000)
 ParOldGen       total 29184K, used 9818K [0x00000000c2a00000, 0x00000000c4680000, 0x00000000eb900000)
  object space 29184K, 33% used [0x00000000c2a00000,0x00000000c3396be8,0x00000000c4680000)
 Metaspace       used 35007K, capacity 35366K, committed 35416K, reserved 1079296K
  class space    used 5087K, capacity 5199K, committed 5248K, reserved 1048576K
}
Event: 10.976 GC heap before
{Heap before GC invocations=11 (full 2):
 PSYoungGen      total 130048K, used 8179K [0x00000000eb900000, 0x00000000f6480000, 0x0000000100000000)
  eden space 121856K, 0% used [0x00000000eb900000,0x00000000eb900000,0x00000000f3000000)
  from space 8192K, 99% used [0x00000000f3000000,0x00000000f37fcc98,0x00000000f3800000)
  to   space 10240K, 0% used [0x00000000f5a80000,0x00000000f5a80000,0x00000000f6480000)
 ParOldGen       total 29184K, used 9818K [0x00000000c2a00000, 0x00000000c4680000, 0x00000000eb900000)
  object space 29184K, 33% used [0x00000000c2a00000,0x00000000c3396be8,0x00000000c4680000)
 Metaspace       used 35007K, capacity 35366K, committed 35416K, reserved 1079296K
  class space    used 5087K, capacity 5199K, committed 5248K, reserved 1048576K
Event: 11.062 GC heap after
Heap after GC invocations=11 (full 2):
 PSYoungGen      total 130048K, used 0K [0x00000000eb900000, 0x00000000f6480000, 0x0000000100000000)
  eden space 121856K, 0% used [0x00000000eb900000,0x00000000eb900000,0x00000000f3000000)
  from space 8192K, 0% used [0x00000000f3000000,0x00000000f3000000,0x00000000f3800000)
  to   space 10240K, 0% used [0x00000000f5a80000,0x00000000f5a80000,0x00000000f6480000)
 ParOldGen       total 44032K, used 13829K [0x00000000c2a00000, 0x00000000c5500000, 0x00000000eb900000)
  object space 44032K, 31% used [0x00000000c2a00000,0x00000000c3781790,0x00000000c5500000)
 Metaspace       used 35003K, capacity 35360K, committed 35416K, reserved 1079296K
  class space    used 5086K, capacity 5198K, committed 5248K, reserved 1048576K
}
Event: 13.368 GC heap before
{Heap before GC invocations=12 (full 2):
 PSYoungGen      total 130048K, used 121856K [0x00000000eb900000, 0x00000000f6480000, 0x0000000100000000)
  eden space 121856K, 100% used [0x00000000eb900000,0x00000000f3000000,0x00000000f3000000)
  from space 8192K, 0% used [0x00000000f3000000,0x00000000f3000000,0x00000000f3800000)
  to   space 10240K, 0% used [0x00000000f5a80000,0x00000000f5a80000,0x00000000f6480000)
 ParOldGen       total 44032K, used 13829K [0x00000000c2a00000, 0x00000000c5500000, 0x00000000eb900000)
  object space 44032K, 31% used [0x00000000c2a00000,0x00000000c3781790,0x00000000c5500000)
 Metaspace       used 44724K, capacity 45300K, committed 45528K, reserved 1087488K
  class space    used 6635K, capacity 6793K, committed 6912K, reserved 1048576K
Event: 13.405 GC heap after
Heap after GC invocations=12 (full 2):
 PSYoungGen      total 163840K, used 10213K [0x00000000eb900000, 0x00000000f7300000, 0x0000000100000000)
  eden space 153600K, 0% used [0x00000000eb900000,0x00000000eb900000,0x00000000f4f00000)
  from space 10240K, 99% used [0x00000000f5a80000,0x00000000f6479780,0x00000000f6480000)
  to   space 11776K, 0% used [0x00000000f4f00000,0x00000000f4f00000,0x00000000f5a80000)
 ParOldGen       total 44032K, used 15268K [0x00000000c2a00000, 0x00000000c5500000, 0x00000000eb900000)
  object space 44032K, 34% used [0x00000000c2a00000,0x00000000c38e9368,0x00000000c5500000)
 Metaspace       used 44724K, capacity 45300K, committed 45528K, reserved 1087488K
  class space    used 6635K, capacity 6793K, committed 6912K, reserved 1048576K
}
Event: 21.256 GC heap before
{Heap before GC invocations=13 (full 2):
 PSYoungGen      total 163840K, used 163813K [0x00000000eb900000, 0x00000000f7300000, 0x0000000100000000)
  eden space 153600K, 100% used [0x00000000eb900000,0x00000000f4f00000,0x00000000f4f00000)
  from space 10240K, 99% used [0x00000000f5a80000,0x00000000f6479780,0x00000000f6480000)
  to   space 11776K, 0% used [0x00000000f4f00000,0x00000000f4f00000,0x00000000f5a80000)
 ParOldGen       total 44032K, used 15268K [0x00000000c2a00000, 0x00000000c5500000, 0x00000000eb900000)
  object space 44032K, 34% used [0x00000000c2a00000,0x00000000c38e9368,0x00000000c5500000)
 Metaspace       used 46148K, capacity 46834K, committed 46936K, reserved 1089536K
  class space    used 6809K, capacity 6990K, committed 7040K, reserved 1048576K
Event: 21.600 GC heap after
Heap after GC invocations=13 (full 2):
 PSYoungGen      total 165376K, used 2883K [0x00000000eb900000, 0x00000000fa000000, 0x0000000100000000)
  eden space 153600K, 0% used [0x00000000eb900000,0x00000000eb900000,0x00000000f4f00000)
  from space 11776K, 24% used [0x00000000f4f00000,0x00000000f51d0f40,0x00000000f5a80000)
  to   space 11776K, 0% used [0x00000000f9480000,0x00000000f9480000,0x00000000fa000000)
 ParOldGen       total 44032K, used 17681K [0x00000000c2a00000, 0x00000000c5500000, 0x00000000eb900000)
  object space 44032K, 40% used [0x00000000c2a00000,0x00000000c3b44798,0x00000000c5500000)
 Metaspace       used 46148K, capacity 46834K, committed 46936K, reserved 1089536K
  class space    used 6809K, capacity 6990K, committed 7040K, reserved 1048576K
}
Event: 29.624 GC heap before
{Heap before GC invocations=14 (full 2):
 PSYoungGen      total 165376K, used 155876K [0x00000000eb900000, 0x00000000fa000000, 0x0000000100000000)
  eden space 153600K, 99% used [0x00000000eb900000,0x00000000f4e68180,0x00000000f4f00000)
  from space 11776K, 24% used [0x00000000f4f00000,0x00000000f51d0f40,0x00000000f5a80000)
  to   space 11776K, 0% used [0x00000000f9480000,0x00000000f9480000,0x00000000fa000000)
 ParOldGen       total 44032K, used 17681K [0x00000000c2a00000, 0x00000000c5500000, 0x00000000eb900000)
  object space 44032K, 40% used [0x00000000c2a00000,0x00000000c3b44798,0x00000000c5500000)
 Metaspace       used 46773K, capacity 47462K, committed 47704K, reserved 1089536K
  class space    used 6833K, capacity 6998K, committed 7040K, reserved 1048576K
Event: 29.766 GC heap after
Heap after GC invocations=14 (full 2):
 PSYoungGen      total 219648K, used 2249K [0x00000000eb900000, 0x00000000f9d80000, 0x0000000100000000)
  eden space 210432K, 0% used [0x00000000eb900000,0x00000000eb900000,0x00000000f8680000)
  from space 9216K, 24% used [0x00000000f9480000,0x00000000f96b2418,0x00000000f9d80000)
  to   space 11776K, 0% used [0x00000000f8680000,0x00000000f8680000,0x00000000f9200000)
 ParOldGen       total 44032K, used 19035K [0x00000000c2a00000, 0x00000000c5500000, 0x00000000eb900000)
  object space 44032K, 43% used [0x00000000c2a00000,0x00000000c3c96ed0,0x00000000c5500000)
 Metaspace       used 46773K, capacity 47462K, committed 47704K, reserved 1089536K
  class space    used 6833K, capacity 6998K, committed 7040K, reserved 1048576K
}
Event: 42.909 GC heap before
{Heap before GC invocations=15 (full 2):
 PSYoungGen      total 219648K, used 212681K [0x00000000eb900000, 0x00000000f9d80000, 0x0000000100000000)
  eden space 210432K, 100% used [0x00000000eb900000,0x00000000f8680000,0x00000000f8680000)
  from space 9216K, 24% used [0x00000000f9480000,0x00000000f96b2418,0x00000000f9d80000)
  to   space 11776K, 0% used [0x00000000f8680000,0x00000000f8680000,0x00000000f9200000)
 ParOldGen       total 44032K, used 19035K [0x00000000c2a00000, 0x00000000c5500000, 0x00000000eb900000)
  object space 44032K, 43% used [0x00000000c2a00000,0x00000000c3c96ed0,0x00000000c5500000)
 Metaspace       used 47337K, capacity 48070K, committed 48216K, reserved 1091584K
  class space    used 6866K, capacity 7030K, committed 7040K, reserved 1048576K

